2009-07-13 21:26:04 Debug: Notice (1024): Please change the value of 'Security.salt' in app/config/core.php to a salt value specific to your application in [CORE\cake\libs\debugger.php, line 556]
2009-07-13 21:30:35 Debug: Notice (1024): Please change the value of 'Security.salt' in app/config/core.php to a salt value specific to your application in [CORE\cake\libs\debugger.php, line 556]
2009-07-13 22:42:51 Debug: Notice (8): Undefined property:  Corriculum::$Specialites in [APP\controllers\corriculums_controller.php, line 9]
2009-07-13 22:44:00 Debug: Notice (8): Undefined property:  Corriculum::$Specialites in [APP\controllers\corriculums_controller.php, line 9]
2009-07-13 22:44:04 Debug: Notice (8): Undefined property:  Corriculum::$Specialites in [APP\controllers\corriculums_controller.php, line 9]
2009-07-13 22:45:07 Debug: Notice (8): Undefined property:  Corriculum::$Specialites in [APP\controllers\corriculums_controller.php, line 9]
2009-07-13 22:45:21 Debug: Notice (8): Undefined property:  CorriculumsController::$Corriculums in [APP\controllers\corriculums_controller.php, line 9]
2009-07-13 22:45:21 Debug: Notice (8): Trying to get property of non-object in [APP\controllers\corriculums_controller.php, line 9]
2009-07-13 22:52:47 Debug: Notice (8): Undefined index:  Specialite in [APP\views\corriculums\view.ctp, line 10]
2009-07-13 22:53:17 Debug: Notice (8): Undefined index:  Specialites in [APP\views\corriculums\view.ctp, line 10]
2009-07-13 22:53:29 Debug: Notice (8): Undefined index:  Specialites in [APP\views\corriculums\view.ctp, line 10]
2009-07-13 22:58:00 Debug: Notice (8): Undefined index:  Specialite in [APP\views\corriculums\view.ctp, line 10]
2009-07-13 22:58:10 Debug: Notice (8): Undefined index:  title in [APP\views\corriculums\view.ctp, line 10]
2009-07-13 22:58:53 Debug: Notice (8): Undefined index:  title in [APP\views\corriculums\view.ctp, line 10]
2009-07-13 22:59:03 Debug: Notice (8): Undefined index:  Specialite in [APP\views\corriculums\view.ctp, line 10]
2009-07-13 22:59:34 Debug: Notice (8): Undefined index:  title in [APP\views\corriculums\view.ctp, line 10]
2009-07-13 23:00:34 Debug: Notice (8): Undefined property:  CorriculumsController::$Specialite in [APP\controllers\corriculums_controller.php, line 9]
2009-07-13 23:09:59 Debug: Notice (8): Undefined variable: specialities in [APP\views\corriculums\view.ctp, line 11]
2009-07-13 23:25:13 Debug: Notice (8): Undefined index:  Discipline in [APP\views\corriculums\view.ctp, line 24]
2009-07-13 23:25:13 Debug: Notice (8): Undefined index:  Discipline in [APP\views\corriculums\view.ctp, line 25]
2009-07-13 23:25:13 Debug: Notice (8): Undefined index:  Corriculum in [APP\views\corriculums\view.ctp, line 27]
2009-07-13 23:26:30 Debug: Notice (8): Undefined index:  Discipline in [APP\views\corriculums\view.ctp, line 24]
2009-07-13 23:26:30 Debug: Notice (8): Undefined index:  Discipline in [APP\views\corriculums\view.ctp, line 25]
2009-07-13 23:26:30 Debug: Notice (8): Undefined index:   in [APP\views\corriculums\view.ctp, line 27]
2009-07-13 23:28:02 Debug: Notice (8): Undefined index:  Discipline in [APP\views\corriculums\view.ctp, line 24]
2009-07-13 23:28:02 Debug: Notice (8): Undefined index:  Discipline in [APP\views\corriculums\view.ctp, line 25]
2009-07-13 23:28:02 Debug: Notice (8): Undefined index:   in [APP\views\corriculums\view.ctp, line 27]
2009-07-13 23:28:28 Debug: Notice (8): Undefined index:  Discipline in [APP\views\corriculums\view.ctp, line 24]
2009-07-13 23:28:28 Debug: Notice (8): Undefined index:  Discipline in [APP\views\corriculums\view.ctp, line 25]
2009-07-13 23:28:28 Debug: Notice (8): Undefined index:   in [APP\views\corriculums\view.ctp, line 27]
2009-07-13 23:28:47 Debug: Notice (8): Undefined index:   in [APP\views\corriculums\view.ctp, line 27]
2009-07-13 23:35:01 Debug: Notice (8): Undefined index:  hours_cource_project in [APP\views\corriculums\view.ctp, line 42]
2009-07-13 23:35:01 Debug: Notice (8): Undefined index:  hours_cource_work in [APP\views\corriculums\view.ctp, line 43]
2009-07-14 00:06:26 Debug: Notice (8): Undefined variable: data in [APP\controllers\users_controller.php, line 9]
2009-07-14 00:06:29 Debug: Notice (8): Undefined variable: data in [APP\controllers\users_controller.php, line 9]
2009-07-14 00:06:59 Debug: Notice (8): Undefined index:  password in [APP\controllers\users_controller.php, line 13]
2009-07-14 00:07:17 Debug: Notice (8): Undefined index:  password in [APP\controllers\users_controller.php, line 13]
2009-09-16 17:12:51 Debug: Notice (8): Undefined property:  ChairsController::$Chairs in [APP\controllers\chairs_controller.php, line 9]
2009-09-16 17:22:32 Debug: Notice (8): Undefined property:  UsersController::$session in [APP\controllers\users_controller.php, line 14]
2009-09-16 17:22:57 Debug: Notice (8): Undefined property:  UsersController::$session in [APP\controllers\users_controller.php, line 14]
2009-09-16 17:23:05 Debug: Notice (8): Undefined variable: session in [APP\controllers\users_controller.php, line 14]
2009-09-16 17:23:33 Debug: Notice (8): Undefined property:  UsersController::$session in [APP\controllers\users_controller.php, line 14]
2009-09-16 17:34:38 Debug: Notice (8): Undefined variable: chair in [APP\views\chairs\admin_edit.ctp, line 1]
2009-09-16 17:34:59 Debug: Notice (8): Undefined variable: id in [APP\controllers\chairs_controller.php, line 21]
2009-09-16 18:12:14 Debug: Notice (8): Undefined property:  CyclesController::$Cycles in [APP\controllers\cycles_controller.php, line 12]
2009-09-16 18:13:20 Debug: Notice (8): Undefined variable: chairs in [APP\views\cycles\admin_index.ctp, line 11]
2009-09-16 18:13:52 Debug: Notice (8): Undefined variable: СЃycles in [APP\views\cycles\admin_index.ctp, line 11]
2009-09-16 18:14:32 Debug: Notice (8): Undefined variable: СЃycles in [APP\views\cycles\admin_index.ctp, line 11]
2009-09-16 18:14:44 Debug: Notice (8): Undefined variable: СЃycles in [APP\views\cycles\admin_index.ctp, line 11]
2009-09-16 18:14:51 Debug: Notice (8): Undefined index:  Chair in [APP\views\cycles\admin_index.ctp, line 13]
2009-09-16 18:14:51 Debug: Notice (8): Undefined index:  Chair in [APP\views\cycles\admin_index.ctp, line 14]
2009-09-16 18:14:51 Debug: Notice (8): Undefined index:  Chair in [APP\views\cycles\admin_index.ctp, line 15]
2009-09-16 18:14:51 Debug: Notice (8): Undefined index:  Chair in [APP\views\cycles\admin_index.ctp, line 16]
2009-09-16 18:14:57 Debug: Notice (8): Undefined variable: СЃycle in [APP\views\cycles\admin_index.ctp, line 13]
2009-09-16 18:14:57 Debug: Notice (8): Undefined variable: СЃycle in [APP\views\cycles\admin_index.ctp, line 14]
2009-09-16 18:14:57 Debug: Notice (8): Undefined variable: СЃycle in [APP\views\cycles\admin_index.ctp, line 15]
2009-09-16 18:14:57 Debug: Notice (8): Undefined variable: СЃycle in [APP\views\cycles\admin_index.ctp, line 16]
2009-09-16 18:15:19 Debug: Notice (8): Undefined variable: СЃycle in [APP\views\cycles\admin_index.ctp, line 13]
2009-09-16 18:15:19 Debug: Notice (8): Undefined variable: СЃycle in [APP\views\cycles\admin_index.ctp, line 14]
2009-09-16 18:15:19 Debug: Notice (8): Undefined variable: СЃycle in [APP\views\cycles\admin_index.ctp, line 15]
2009-09-16 18:15:19 Debug: Notice (8): Undefined variable: СЃycle in [APP\views\cycles\admin_index.ctp, line 16]
2009-09-16 18:18:00 Debug: Notice (8): Undefined property:  CyclesController::$cycle in [APP\controllers\cycles_controller.php, line 27]
2009-09-16 18:18:14 Debug: Notice (8): Undefined property:  CyclesController::$cycle in [APP\controllers\cycles_controller.php, line 27]
2009-09-16 18:18:40 Debug: Notice (8): Undefined property:  CyclesController::$cycle in [APP\controllers\cycles_controller.php, line 27]
2009-09-16 18:21:18 Debug: Notice (8): Undefined variable: chairs in [APP\views\disciplines\admin_index.ctp, line 11]
2009-09-16 18:22:11 Debug: Notice (8): Undefined variable: chairs in [APP\views\disciplines\admin_index.ctp, line 14]
2009-09-16 18:22:19 Debug: Notice (8): Undefined variable: chairs in [APP\views\disciplines\admin_index.ctp, line 14]
2009-09-16 18:33:22 Debug: Notice (8): Undefined index:  Chair in [APP\views\disciplines\admin_index.ctp, line 16]
2009-09-16 18:33:22 Debug: Notice (8): Undefined index:  Chair in [APP\views\disciplines\admin_index.ctp, line 17]
2009-09-16 18:33:22 Debug: Notice (8): Undefined index:  Chair in [APP\views\disciplines\admin_index.ctp, line 18]
2009-09-16 18:33:22 Debug: Notice (8): Undefined index:  Chair in [APP\views\disciplines\admin_index.ctp, line 19]
2009-09-16 18:41:19 Debug: Notice (8): Undefined property:  DisciplinesController::$Type in [APP\controllers\disciplines_controller.php, line 26]
2009-09-16 18:41:28 Debug: Notice (8): Undefined variable: types in [APP\views\disciplines\admin_edit.ctp, line 1]
2009-09-16 18:41:40 Debug: Notice (8): Undefined variable: types in [APP\views\disciplines\admin_edit.ctp, line 1]
2009-09-16 18:53:58 Debug: Notice (8): Undefined index:  Type in [APP\controllers\disciplines_controller.php, line 31]
2009-09-16 18:54:12 Debug: Notice (8): Undefined index:  Type in [APP\controllers\disciplines_controller.php, line 31]
2009-09-16 18:57:02 Debug: Notice (8): Undefined variable: types in [APP\views\disciplines\admin_edit.ctp, line 14]
2009-09-16 19:39:58 Debug: Notice (8): Undefined property:  DisciplinesController::$Type in [APP\controllers\disciplines_controller.php, line 26]
2009-09-16 19:45:59 Debug: Notice (8): Undefined variable: type in [APP\controllers\disciplines_controller.php, line 54]
2009-09-16 19:48:07 Debug: Notice (8): Undefined variable: types in [APP\views\disciplines\admin_edit.ctp, line 1]
2009-09-16 19:54:24 Debug: Notice (8): Undefined variable: types in [APP\views\disciplines\admin_edit.ctp, line 14]
2009-09-16 19:57:02 Debug: Notice (8): Undefined index:  id in [APP\controllers\disciplines_controller.php, line 51]
2009-09-16 19:57:02 Debug: Notice (8): Undefined variable: i in [APP\controllers\disciplines_controller.php, line 52]
2009-09-16 19:57:15 Debug: Notice (8): Undefined variable: i in [APP\controllers\disciplines_controller.php, line 52]
2009-09-16 20:04:29 Debug: Notice (8): Undefined variable: types in [APP\views\disciplines\admin_edit.ctp, line 1]
2009-09-16 20:05:19 Debug: Notice (8): Undefined variable: types in [APP\views\disciplines\admin_edit.ctp, line 1]
2009-09-16 20:06:09 Debug: Notice (8): Undefined variable: types in [APP\views\disciplines\admin_edit.ctp, line 1]
2009-09-16 20:06:23 Debug: Notice (8): Undefined variable: types in [APP\views\disciplines\admin_edit.ctp, line 1]
2009-09-16 20:06:35 Debug: Notice (8): Undefined variable: types in [APP\views\disciplines\admin_edit.ctp, line 1]
2009-09-16 20:06:48 Debug: Notice (8): Undefined variable: types in [APP\views\disciplines\admin_edit.ctp, line 1]
2009-09-16 20:07:04 Debug: Notice (8): Undefined variable: types in [APP\views\disciplines\admin_edit.ctp, line 1]
2009-09-17 15:00:06 Debug: Notice (8): Undefined variable: types in [APP\views\disciplines\admin_edit.ctp, line 1]
2009-09-17 15:00:34 Debug: Notice (8): Undefined variable: types in [APP\views\disciplines\admin_edit.ctp, line 1]
2009-09-17 15:00:41 Debug: Notice (8): Undefined variable: types in [APP\views\disciplines\admin_edit.ctp, line 1]
2009-09-17 15:00:57 Debug: Notice (8): Undefined variable: types in [APP\views\disciplines\admin_edit.ctp, line 1]
2009-09-17 15:01:47 Debug: Notice (8): Undefined variable: types in [APP\views\disciplines\admin_edit.ctp, line 1]
2009-09-17 15:01:56 Debug: Notice (8): Undefined variable: types in [APP\views\disciplines\admin_edit.ctp, line 1]
2009-09-17 15:02:08 Debug: Notice (8): Undefined variable: types in [APP\views\disciplines\admin_edit.ctp, line 1]
2009-09-17 15:02:29 Debug: Notice (8): Undefined variable: types in [APP\views\disciplines\admin_edit.ctp, line 1]
2009-09-17 15:04:01 Debug: Notice (8): Undefined variable: types in [APP\views\disciplines\admin_edit.ctp, line 1]
2009-09-17 15:07:08 Debug: Notice (8): Undefined variable: types in [APP\views\disciplines\admin_edit.ctp, line 1]
2009-09-17 15:07:55 Debug: Notice (8): Undefined variable: types in [APP\views\disciplines\admin_edit.ctp, line 1]
2009-09-17 15:08:47 Debug: Notice (8): Undefined variable: types in [APP\views\disciplines\admin_edit.ctp, line 1]
2009-09-17 15:15:02 Debug: Notice (8): Undefined variable: paginate in [APP\views\disciplines\admin_index.ctp, line 23]
2009-09-17 15:15:10 Debug: Notice (8): Undefined variable: pagination in [APP\views\disciplines\admin_index.ctp, line 23]
2009-09-17 15:15:24 Debug: Notice (8): Undefined property:  View::$pagination in [APP\views\disciplines\admin_index.ctp, line 23]
2009-09-17 15:27:23 Debug: Notice (8): Undefined variable: chairs in [APP\views\specialites\admin_index.ctp, line 11]
2009-09-17 15:48:14 Debug: Notice (8): Undefined property:  CorriculumsController::$Paginate in [APP\controllers\corriculums_controller.php, line 25]
2009-09-17 15:54:04 Debug: Notice (8): Undefined index:  0 in [APP\views\corriculums\view.ctp, line 43]
2009-09-17 15:56:15 Debug: Notice (8): Undefined index:  0 in [APP\views\corriculums\view.ctp, line 43]
2009-09-17 15:56:44 Debug: Notice (8): Undefined index:  0 in [APP\views\corriculums\view.ctp, line 43]
2009-09-17 15:56:46 Debug: Notice (8): Undefined index:  0 in [APP\views\corriculums\view.ctp, line 43]
2009-09-17 15:57:06 Debug: Notice (8): Undefined index:  0 in [APP\views\corriculums\view.ctp, line 43]
2009-09-17 15:58:13 Debug: Notice (8): Undefined index:  0 in [APP\views\corriculums\view.ctp, line 43]
2009-09-17 15:58:57 Debug: Notice (8): Undefined index:  0 in [APP\views\corriculums\view.ctp, line 43]
2009-09-17 15:59:38 Debug: Notice (8): Undefined index:  0 in [APP\views\corriculums\view.ctp, line 43]
2009-09-17 16:01:03 Debug: Notice (8): Undefined variable: paginator in [APP\views\corriculums\view.ctp, line 15]
2009-09-17 16:03:07 Debug: Notice (8): Undefined variable: disciplines in [APP\views\corriculums\admin_index.ctp, line 12]
2009-09-17 16:31:31 Debug: Notice (8): Undefined index:  Semesters in [APP\views\corriculums\admin_index.ctp, line 40]
2009-09-17 16:50:04 Debug: Notice (8): Undefined property:  Corriculum::$Forms in [APP\controllers\corriculums_controller.php, line 42]
2009-09-17 16:50:24 Debug: Notice (8): Undefined property:  Corriculum::$Forms in [APP\controllers\corriculums_controller.php, line 42]
2009-09-17 16:55:38 Debug: Notice (8): Undefined index:  Specialite in [APP\controllers\corriculums_controller.php, line 77]
2009-09-17 16:56:49 Debug: Notice (8): Undefined index:  Specialite in [APP\controllers\corriculums_controller.php, line 77]
2009-09-17 16:56:53 Debug: Notice (8): Undefined index:  Specialite in [APP\controllers\corriculums_controller.php, line 77]
2009-09-17 19:54:35 Debug: Notice (8): Undefined index:  Type in [APP\views\corriculums\view.ctp, line 47]
2009-09-17 19:54:42 Debug: Notice (8): Undefined index:  Type in [APP\views\corriculums\view.ctp, line 47]
2009-09-17 19:56:26 Debug: Notice (8): Undefined variable: corr in [APP\views\corriculums\view.ctp, line 1]
2009-09-20 22:49:51 Debug: Notice (8): Undefined index:  Type in [APP\views\corriculums\view.ctp, line 47]
2009-09-20 22:51:09 Debug: Notice (8): Undefined variable: pagination in [APP\views\corriculums\view.ctp, line 76]
2009-09-20 22:51:55 Debug: Notice (8): Undefined variable: id in [APP\controllers\corriculums_controller.php, line 36]
2009-09-20 22:53:06 Debug: Notice (8): Undefined variable: id in [APP\controllers\corriculums_controller.php, line 33]
2009-09-20 22:53:07 Debug: Notice (8): Undefined variable: id in [APP\controllers\corriculums_controller.php, line 36]
2009-09-20 22:56:42 Debug: Notice (8): Undefined variable: id in [APP\controllers\corriculums_controller.php, line 33]
2009-09-20 22:56:42 Debug: Notice (8): Undefined variable: id in [APP\controllers\corriculums_controller.php, line 36]
2010-01-09 14:36:12 Debug: Notice (8): Undefined index:  title in [APP\views\corriculums\admin_index.ctp, line 42]
2010-01-09 14:36:12 Debug: Notice (8): Undefined index:  title in [APP\views\corriculums\admin_index.ctp, line 43]
2010-01-09 14:36:12 Debug: Notice (8): Undefined index:  title in [APP\views\corriculums\admin_index.ctp, line 31]
2010-01-09 14:36:58 Debug: Notice (8): Undefined index:  title in [APP\views\corriculums\admin_index.ctp, line 42]
2010-01-09 14:36:58 Debug: Notice (8): Undefined index:  title in [APP\views\corriculums\admin_index.ctp, line 43]
2010-01-09 14:36:58 Debug: Notice (8): Undefined index:  title in [APP\views\corriculums\admin_index.ctp, line 31]
2010-01-09 14:40:53 Debug: Notice (8): Undefined index:  Type in [APP\views\corriculums\view.ctp, line 49]
2010-01-09 14:43:43 Debug: Notice (8): Undefined index:  title in [APP\views\corriculums\admin_index.ctp, line 42]
2010-01-09 14:43:43 Debug: Notice (8): Undefined index:  title in [APP\views\corriculums\admin_index.ctp, line 31]
2010-01-09 14:45:08 Debug: Notice (8): Undefined index:  title in [APP\views\corriculums\admin_index.ctp, line 31]
2010-01-09 14:45:08 Debug: Notice (8): Undefined index:  title in [APP\views\corriculums\admin_index.ctp, line 42]
2010-01-09 14:45:51 Debug: Notice (8): Undefined index:  title in [APP\views\corriculums\admin_index.ctp, line 31]
2010-01-09 14:45:52 Debug: Notice (8): Undefined index:  title in [APP\views\corriculums\admin_index.ctp, line 42]
2010-01-09 14:46:54 Debug: Notice (8): Undefined index:  title in [APP\views\corriculums\admin_index.ctp, line 42]
2010-01-09 15:10:10 Debug: Notice (8): Undefined index:  Type in [APP\views\corriculums\view.ctp, line 49]
2010-01-09 15:10:43 Debug: Notice (8): Undefined index:  Type in [APP\views\corriculums\view.ctp, line 49]
2010-01-30 14:53:12 Debug: Notice (8): Undefined index:  title in [APP\views\corriculums\admin_index.ctp, line 42]
2010-01-30 14:53:42 Debug: Notice (8): Undefined index:  title in [APP\views\corriculums\admin_index.ctp, line 42]
2010-01-30 14:54:16 Debug: Notice (8): Undefined index:  title in [APP\views\corriculums\admin_index.ctp, line 42]
2010-01-30 14:54:26 Debug: Notice (8): Undefined index:  title in [APP\views\corriculums\admin_index.ctp, line 42]
2010-01-30 14:54:34 Debug: Notice (8): Undefined index:  title in [APP\views\corriculums\admin_index.ctp, line 42]
2010-01-30 14:59:01 Debug: Notice (8): Undefined index:  Prepod in [APP\controllers\corriculums_controller.php, line 106]
2010-01-30 14:59:59 Debug: Notice (8): Undefined index:  Prepod in [APP\controllers\corriculums_controller.php, line 107]
2010-01-30 15:00:15 Debug: Notice (8): Undefined index:  Prepod in [APP\controllers\corriculums_controller.php, line 108]
2010-01-30 15:00:24 Debug: Notice (8): Undefined index:  title in [APP\controllers\corriculums_controller.php, line 108]
2010-01-30 15:06:31 Debug: Notice (8): Undefined index:  title in [APP\views\corriculums\admin_index.ctp, line 42]
2010-01-30 15:06:40 Debug: Notice (8): Undefined index:  title in [APP\views\corriculums\admin_index.ctp, line 42]
2010-01-30 15:14:20 Debug: Notice (8): Undefined index:  title in [APP\views\corriculums\admin_index.ctp, line 42]
2010-01-30 15:15:17 Debug: Notice (8): Undefined index:  title in [APP\views\corriculums\admin_index.ctp, line 42]
2010-01-30 15:15:32 Debug: Notice (8): Undefined index:  title in [APP\views\corriculums\admin_index.ctp, line 42]
2010-01-30 15:16:32 Debug: Notice (8): Undefined index:  title in [APP\views\corriculums\admin_index.ctp, line 42]
2010-01-30 15:17:03 Debug: Notice (8): Undefined variable: kadri in [APP\views\corriculums\admin_edit.ctp, line 42]
2010-01-30 15:17:03 Debug: Notice (8): Undefined variable: years in [APP\views\corriculums\admin_edit.ctp, line 47]
2010-01-30 15:18:20 Debug: Notice (8): Undefined index:  title in [APP\views\corriculums\admin_index.ctp, line 42]
2010-01-30 15:19:11 Debug: Notice (8): Undefined index:  title in [APP\views\corriculums\admin_index.ctp, line 42]
2010-01-30 15:19:18 Debug: Notice (8): Undefined index:  title in [APP\views\corriculums\admin_index.ctp, line 42]
2010-01-30 15:19:31 Debug: Notice (8): Undefined index:  title in [APP\views\corriculums\admin_index.ctp, line 42]
2010-01-30 15:20:44 Debug: Notice (8): Undefined index:  title in [APP\views\corriculums\admin_index.ctp, line 42]
2010-01-30 15:21:04 Debug: Notice (8): Undefined index:  title in [APP\views\corriculums\admin_index.ctp, line 42]
2010-01-30 15:25:37 Debug: Notice (8): Undefined index:  title in [APP\views\corriculums\admin_index.ctp, line 42]
2010-01-30 16:21:30 Debug: Notice (8): Undefined index:  title in [APP\views\corriculums\admin_index.ctp, line 42]
2010-01-30 20:32:52 Debug: Notice (8): Undefined index:  title in [APP\views\corriculums\admin_index.ctp, line 42]
2010-01-30 20:34:45 Debug: Notice (8): Undefined index:  title in [APP\views\corriculums\admin_index.ctp, line 42]
2010-01-30 20:35:19 Debug: Notice (8): Undefined index:  title in [APP\views\corriculums\admin_index.ctp, line 42]
2010-01-30 20:35:29 Debug: Notice (8): Undefined index:  title in [APP\views\corriculums\admin_index.ctp, line 42]
2010-01-30 20:35:58 Debug: Notice (8): Undefined index:  title in [APP\views\corriculums\admin_index.ctp, line 42]
2010-01-30 20:36:18 Debug: Notice (8): Undefined index:  title in [APP\views\corriculums\admin_index.ctp, line 42]
2010-01-30 20:36:38 Debug: Notice (8): Undefined index:  title in [APP\views\corriculums\admin_index.ctp, line 42]
2010-01-30 20:37:08 Debug: Notice (8): Undefined index:  title in [APP\views\corriculums\admin_index.ctp, line 42]
2010-01-30 20:37:31 Debug: Notice (8): Undefined index:  title in [APP\views\corriculums\admin_index.ctp, line 42]
2010-01-30 20:37:47 Debug: Notice (8): Undefined index:  title in [APP\views\corriculums\admin_index.ctp, line 42]
2010-01-30 20:38:18 Debug: Notice (8): Undefined index:  title in [APP\views\corriculums\admin_index.ctp, line 42]
2010-01-30 20:38:35 Debug: Notice (8): Undefined index:  title in [APP\views\corriculums\admin_index.ctp, line 42]
2010-01-30 20:59:16 Debug: Notice (8): Undefined index:  title in [APP\views\corriculums\admin_index.ctp, line 42]
2010-01-30 22:09:45 Debug: Notice (8): Undefined index:  title in [APP\views\corriculums\admin_index.ctp, line 42]
2010-01-30 22:09:53 Debug: Notice (8): Undefined index:  title in [APP\views\corriculums\admin_index.ctp, line 42]
2010-01-30 22:13:32 Debug: Notice (8): Undefined index:  title in [APP\views\corriculums\admin_index.ctp, line 42]
2010-02-02 20:08:53 Debug: Notice (8): Undefined index:  title in [APP\views\corriculums\admin_index.ctp, line 42]
2010-02-03 08:37:04 Debug: Notice (8): Undefined index:  title in [APP\views\corriculums\admin_index.ctp, line 42]
2010-02-03 15:38:58 Debug: Notice (8): Undefined index:  title in [APP\views\corriculums\admin_index.ctp, line 42]
2010-02-03 15:39:05 Debug: Notice (8): Undefined index:  title in [APP\views\corriculums\admin_index.ctp, line 42]
2010-02-03 15:39:18 Debug: Notice (8): Undefined index:  title in [APP\views\corriculums\admin_index.ctp, line 42]
